<?xml version="1.0" encoding="UTF-8"?>
<coverage generated="1692205062187" clover="3.2.0">
  <project timestamp="1692205062187" name="All files">
    <metrics statements="185" coveredstatements="137" conditionals="95" coveredconditionals="45" methods="35" coveredmethods="25" elements="315" coveredelements="207" complexity="0" loc="185" ncloc="185" packages="1" files="8" classes="8"/>
    <file name="DetailsService.ts" path="C:\Users\mathe\Desktop\sisid-api\src\controllers\services\DetailsService.ts">
      <metrics statements="10" coveredstatements="9" conditionals="1" coveredconditionals="0" methods="2" coveredmethods="2"/>
      <line num="1" count="8" type="stmt"/>
      <line num="4" count="8" type="stmt"/>
      <line num="8" count="8" type="stmt"/>
      <line num="10" count="8" type="stmt"/>
      <line num="13" count="1" type="stmt"/>
      <line num="17" count="1" type="stmt"/>
      <line num="19" count="1" type="cond" truecount="0" falsecount="1"/>
      <line num="20" count="0" type="stmt"/>
      <line num="23" count="1" type="stmt"/>
      <line num="27" count="8" type="stmt"/>
    </file>
    <file name="ImagesService.ts" path="C:\Users\mathe\Desktop\sisid-api\src\controllers\services\ImagesService.ts">
      <metrics statements="10" coveredstatements="9" conditionals="1" coveredconditionals="0" methods="2" coveredmethods="2"/>
      <line num="1" count="8" type="stmt"/>
      <line num="4" count="8" type="stmt"/>
      <line num="8" count="8" type="stmt"/>
      <line num="10" count="8" type="stmt"/>
      <line num="13" count="1" type="stmt"/>
      <line num="17" count="1" type="stmt"/>
      <line num="19" count="1" type="cond" truecount="0" falsecount="1"/>
      <line num="20" count="0" type="stmt"/>
      <line num="23" count="1" type="stmt"/>
      <line num="27" count="8" type="stmt"/>
    </file>
    <file name="InstitutionsService.ts" path="C:\Users\mathe\Desktop\sisid-api\src\controllers\services\InstitutionsService.ts">
      <metrics statements="19" coveredstatements="8" conditionals="2" coveredconditionals="0" methods="5" coveredmethods="2"/>
      <line num="1" count="8" type="stmt"/>
      <line num="5" count="8" type="stmt"/>
      <line num="22" count="8" type="stmt"/>
      <line num="24" count="8" type="stmt"/>
      <line num="27" count="1" type="stmt"/>
      <line num="34" count="1" type="stmt"/>
      <line num="36" count="1" type="stmt"/>
      <line num="40" count="0" type="stmt"/>
      <line num="48" count="0" type="stmt"/>
      <line num="52" count="0" type="stmt"/>
      <line num="54" count="0" type="cond" truecount="0" falsecount="1"/>
      <line num="55" count="0" type="stmt"/>
      <line num="58" count="0" type="stmt"/>
      <line num="60" count="0" type="stmt"/>
      <line num="64" count="0" type="stmt"/>
      <line num="66" count="0" type="cond" truecount="0" falsecount="1"/>
      <line num="67" count="0" type="stmt"/>
      <line num="70" count="0" type="stmt"/>
      <line num="74" count="8" type="stmt"/>
    </file>
    <file name="LoginService.ts" path="C:\Users\mathe\Desktop\sisid-api\src\controllers\services\LoginService.ts">
      <metrics statements="39" coveredstatements="38" conditionals="32" coveredconditionals="27" methods="3" coveredmethods="3"/>
      <line num="1" count="8" type="stmt"/>
      <line num="2" count="8" type="stmt"/>
      <line num="7" count="8" type="stmt"/>
      <line num="8" count="8" type="stmt"/>
      <line num="9" count="8" type="stmt"/>
      <line num="24" count="8" type="stmt"/>
      <line num="26" count="8" type="stmt"/>
      <line num="29" count="4" type="stmt"/>
      <line num="31" count="4" type="stmt"/>
      <line num="35" count="18" type="stmt"/>
      <line num="37" count="18" type="cond" truecount="3" falsecount="0"/>
      <line num="38" count="1" type="stmt"/>
      <line num="41" count="17" type="cond" truecount="3" falsecount="0"/>
      <line num="42" count="16" type="cond" truecount="1" falsecount="1"/>
      <line num="44" count="16" type="cond" truecount="1" falsecount="0"/>
      <line num="45" count="1" type="stmt"/>
      <line num="49" count="16" type="cond" truecount="3" falsecount="0"/>
      <line num="50" count="1" type="stmt"/>
      <line num="54" count="1" type="stmt"/>
      <line num="66" count="16" type="cond" truecount="1" falsecount="0"/>
      <line num="67" count="16" type="cond" truecount="1" falsecount="0"/>
      <line num="68" count="1" type="stmt"/>
      <line num="74" count="1" type="stmt"/>
      <line num="77" count="16" type="cond" truecount="4" falsecount="1"/>
      <line num="78" count="1" type="stmt"/>
      <line num="84" count="15" type="cond" truecount="4" falsecount="1"/>
      <line num="85" count="9" type="stmt"/>
      <line num="88" count="15" type="stmt"/>
      <line num="89" count="15" type="stmt"/>
      <line num="90" count="15" type="stmt"/>
      <line num="91" count="15" type="stmt"/>
      <line num="94" count="15" type="stmt"/>
      <line num="95" count="15" type="stmt"/>
      <line num="98" count="0" type="stmt"/>
      <line num="102" count="2" type="stmt"/>
      <line num="104" count="2" type="cond" truecount="2" falsecount="0"/>
      <line num="105" count="1" type="stmt"/>
      <line num="107" count="1" type="stmt"/>
      <line num="112" count="8" type="stmt"/>
    </file>
    <file name="ProfileService.ts" path="C:\Users\mathe\Desktop\sisid-api\src\controllers\services\ProfileService.ts">
      <metrics statements="38" coveredstatements="16" conditionals="20" coveredconditionals="4" methods="9" coveredmethods="5"/>
      <line num="1" count="8" type="stmt"/>
      <line num="5" count="8" type="stmt"/>
      <line num="13" count="8" type="stmt"/>
      <line num="15" count="8" type="stmt"/>
      <line num="18" count="1" type="stmt"/>
      <line num="26" count="2" type="stmt"/>
      <line num="28" count="2" type="cond" truecount="0" falsecount="1"/>
      <line num="29" count="0" type="stmt"/>
      <line num="32" count="2" type="cond" truecount="1" falsecount="0"/>
      <line num="33" count="1" type="cond" truecount="1" falsecount="0"/>
      <line num="34" count="1" type="stmt"/>
      <line num="36" count="1" type="cond" truecount="1" falsecount="2"/>
      <line num="42" count="0" type="stmt"/>
      <line num="44" count="0" type="cond" truecount="0" falsecount="2"/>
      <line num="48" count="1" type="stmt"/>
      <line num="52" count="0" type="stmt"/>
      <line num="54" count="0" type="cond" truecount="0" falsecount="1"/>
      <line num="55" count="0" type="stmt"/>
      <line num="58" count="0" type="stmt"/>
      <line num="62" count="1" type="stmt"/>
      <line num="64" count="1" type="cond" truecount="1" falsecount="1"/>
      <line num="65" count="0" type="stmt"/>
      <line num="70" count="0" type="stmt"/>
      <line num="72" count="1" type="stmt"/>
      <line num="75" count="0" type="stmt"/>
      <line num="79" count="0" type="stmt"/>
      <line num="81" count="0" type="cond" truecount="0" falsecount="1"/>
      <line num="82" count="0" type="stmt"/>
      <line num="85" count="0" type="stmt"/>
      <line num="86" count="0" type="cond" truecount="0" falsecount="7"/>
      <line num="87" count="0" type="stmt"/>
      <line num="90" count="0" type="stmt"/>
      <line num="92" count="0" type="stmt"/>
      <line num="96" count="0" type="stmt"/>
      <line num="98" count="0" type="cond" truecount="0" falsecount="1"/>
      <line num="99" count="0" type="stmt"/>
      <line num="102" count="0" type="stmt"/>
      <line num="106" count="8" type="stmt"/>
    </file>
    <file name="SearchService.ts" path="C:\Users\mathe\Desktop\sisid-api\src\controllers\services\SearchService.ts">
      <metrics statements="10" coveredstatements="9" conditionals="1" coveredconditionals="0" methods="2" coveredmethods="2"/>
      <line num="1" count="8" type="stmt"/>
      <line num="4" count="8" type="stmt"/>
      <line num="8" count="8" type="stmt"/>
      <line num="10" count="8" type="stmt"/>
      <line num="13" count="1" type="stmt"/>
      <line num="18" count="1" type="stmt"/>
      <line num="20" count="1" type="cond" truecount="0" falsecount="1"/>
      <line num="21" count="0" type="stmt"/>
      <line num="24" count="1" type="stmt"/>
      <line num="28" count="8" type="stmt"/>
    </file>
    <file name="SolicitationService.ts" path="C:\Users\mathe\Desktop\sisid-api\src\controllers\services\SolicitationService.ts">
      <metrics statements="27" coveredstatements="22" conditionals="12" coveredconditionals="7" methods="5" coveredmethods="4"/>
      <line num="1" count="8" type="stmt"/>
      <line num="6" count="8" type="stmt"/>
      <line num="7" count="8" type="stmt"/>
      <line num="39" count="8" type="stmt"/>
      <line num="41" count="8" type="stmt"/>
      <line num="45" count="1" type="stmt"/>
      <line num="47" count="1" type="stmt"/>
      <line num="57" count="1" type="stmt"/>
      <line num="65" count="1" type="stmt"/>
      <line num="75" count="1" type="stmt"/>
      <line num="83" count="1" type="stmt"/>
      <line num="87" count="0" type="stmt"/>
      <line num="93" count="0" type="stmt"/>
      <line num="95" count="0" type="stmt"/>
      <line num="102" count="1" type="stmt"/>
      <line num="106" count="1" type="cond" truecount="0" falsecount="1"/>
      <line num="107" count="0" type="stmt"/>
      <line num="110" count="1" type="cond" truecount="0" falsecount="1"/>
      <line num="111" count="0" type="stmt"/>
      <line num="114" count="1" type="stmt"/>
      <line num="122" count="1" type="cond" truecount="1" falsecount="0"/>
      <line num="123" count="1" type="stmt"/>
      <line num="126" count="1" type="cond" truecount="1" falsecount="0"/>
      <line num="127" count="1" type="cond" truecount="3" falsecount="1"/>
      <line num="141" count="1" type="stmt"/>
      <line num="143" count="1" type="stmt"/>
      <line num="147" count="8" type="stmt"/>
    </file>
    <file name="UserService.ts" path="C:\Users\mathe\Desktop\sisid-api\src\controllers\services\UserService.ts">
      <metrics statements="32" coveredstatements="26" conditionals="26" coveredconditionals="7" methods="7" coveredmethods="5"/>
      <line num="1" count="8" type="stmt"/>
      <line num="5" count="8" type="stmt"/>
      <line num="6" count="8" type="stmt"/>
      <line num="7" count="8" type="stmt"/>
      <line num="45" count="8" type="stmt"/>
      <line num="47" count="8" type="stmt"/>
      <line num="50" count="1" type="stmt"/>
      <line num="64" count="1" type="stmt"/>
      <line num="76" count="1" type="stmt"/>
      <line num="80" count="0" type="stmt"/>
      <line num="82" count="0" type="cond" truecount="0" falsecount="1"/>
      <line num="83" count="0" type="stmt"/>
      <line num="86" count="0" type="stmt"/>
      <line num="90" count="2" type="stmt"/>
      <line num="91" count="2" type="stmt"/>
      <line num="93" count="2" type="cond" truecount="1" falsecount="0"/>
      <line num="94" count="1" type="stmt"/>
      <line num="97" count="1" type="stmt"/>
      <line num="101" count="0" type="stmt"/>
      <line num="112" count="0" type="stmt"/>
      <line num="116" count="2" type="stmt"/>
      <line num="118" count="2" type="cond" truecount="1" falsecount="0"/>
      <line num="119" count="1" type="stmt"/>
      <line num="122" count="1" type="stmt"/>
      <line num="132" count="1" type="stmt"/>
      <line num="133" count="1" type="stmt"/>
      <line num="135" count="1" type="stmt"/>
      <line num="139" count="2" type="stmt"/>
      <line num="141" count="2" type="cond" truecount="1" falsecount="0"/>
      <line num="142" count="1" type="stmt"/>
      <line num="145" count="1" type="stmt"/>
      <line num="149" count="8" type="stmt"/>
    </file>
  </project>
</coverage>

