{
    "C:\\Users\\mathe\\Desktop\\sisid-api\\src\\controllers\\services\\DetailsService.ts": {
        "path": "C:\\Users\\mathe\\Desktop\\sisid-api\\src\\controllers\\services\\DetailsService.ts",
        "statementMap": {
            "0": {
                "start": {
                    "line": 1,
                    "column": 0
                },
                "end": {
                    "line": 1,
                    "column": 57
                }
            },
            "1": {
                "start": {
                    "line": 4,
                    "column": 0
                },
                "end": {
                    "line": 4,
                    "column": 41
                }
            },
            "2": {
                "start": {
                    "line": 8,
                    "column": 0
                },
                "end": {
                    "line": 25,
                    "column": null
                }
            },
            "3": {
                "start": {
                    "line": 13,
                    "column": 41
                },
                "end": {
                    "line": 13,
                    "column": 78
                }
            },
            "4": {
                "start": {
                    "line": 17,
                    "column": 19
                },
                "end": {
                    "line": 17,
                    "column": 60
                }
            },
            "5": {
                "start": {
                    "line": 19,
                    "column": 4
                },
                "end": {
                    "line": 21,
                    "column": null
                }
            },
            "6": {
                "start": {
                    "line": 20,
                    "column": 6
                },
                "end": {
                    "line": 20,
                    "column": 60
                }
            },
            "7": {
                "start": {
                    "line": 23,
                    "column": 4
                },
                "end": {
                    "line": 23,
                    "column": 18
                }
            },
            "8": {
                "start": {
                    "line": 10,
                    "column": 6
                },
                "end": {
                    "line": 25,
                    "column": null
                }
            },
            "9": {
                "start": {
                    "line": 27,
                    "column": 9
                },
                "end": {
                    "line": 27,
                    "column": 23
                }
            }
        },
        "fnMap": {
            "0": {
                "name": "(anonymous_12)",
                "decl": {
                    "start": {
                        "line": 11,
                        "column": 2
                    },
                    "end": {
                        "line": 11,
                        "column": null
                    }
                },
                "loc": {
                    "start": {
                        "line": 13,
                        "column": 78
                    },
                    "end": {
                        "line": 14,
                        "column": 6
                    }
                }
            },
            "1": {
                "name": "(anonymous_13)",
                "decl": {
                    "start": {
                        "line": 16,
                        "column": 8
                    },
                    "end": {
                        "line": 16,
                        "column": 15
                    }
                },
                "loc": {
                    "start": {
                        "line": 16,
                        "column": 26
                    },
                    "end": {
                        "line": 24,
                        "column": null
                    }
                }
            }
        },
        "branchMap": {
            "0": {
                "loc": {
                    "start": {
                        "line": 19,
                        "column": 4
                    },
                    "end": {
                        "line": 21,
                        "column": null
                    }
                },
                "type": "if",
                "locations": [
                    {
                        "start": {
                            "line": 19,
                            "column": 4
                        },
                        "end": {
                            "line": 21,
                            "column": null
                        }
                    }
                ]
            }
        },
        "s": {
            "0": 8,
            "1": 8,
            "2": 8,
            "3": 1,
            "4": 1,
            "5": 1,
            "6": 0,
            "7": 1,
            "8": 8,
            "9": 8
        },
        "f": {
            "0": 1,
            "1": 1
        },
        "b": {
            "0": [
                0
            ]
        }
    },
    "C:\\Users\\mathe\\Desktop\\sisid-api\\src\\controllers\\services\\ImagesService.ts": {
        "path": "C:\\Users\\mathe\\Desktop\\sisid-api\\src\\controllers\\services\\ImagesService.ts",
        "statementMap": {
            "0": {
                "start": {
                    "line": 1,
                    "column": 0
                },
                "end": {
                    "line": 1,
                    "column": 57
                }
            },
            "1": {
                "start": {
                    "line": 4,
                    "column": 0
                },
                "end": {
                    "line": 4,
                    "column": 41
                }
            },
            "2": {
                "start": {
                    "line": 8,
                    "column": 0
                },
                "end": {
                    "line": 25,
                    "column": null
                }
            },
            "3": {
                "start": {
                    "line": 13,
                    "column": 40
                },
                "end": {
                    "line": 13,
                    "column": 75
                }
            },
            "4": {
                "start": {
                    "line": 17,
                    "column": 19
                },
                "end": {
                    "line": 17,
                    "column": 59
                }
            },
            "5": {
                "start": {
                    "line": 19,
                    "column": 4
                },
                "end": {
                    "line": 21,
                    "column": null
                }
            },
            "6": {
                "start": {
                    "line": 20,
                    "column": 6
                },
                "end": {
                    "line": 20,
                    "column": 60
                }
            },
            "7": {
                "start": {
                    "line": 23,
                    "column": 4
                },
                "end": {
                    "line": 23,
                    "column": 18
                }
            },
            "8": {
                "start": {
                    "line": 10,
                    "column": 6
                },
                "end": {
                    "line": 25,
                    "column": null
                }
            },
            "9": {
                "start": {
                    "line": 27,
                    "column": 9
                },
                "end": {
                    "line": 27,
                    "column": 22
                }
            }
        },
        "fnMap": {
            "0": {
                "name": "(anonymous_12)",
                "decl": {
                    "start": {
                        "line": 11,
                        "column": 2
                    },
                    "end": {
                        "line": 11,
                        "column": null
                    }
                },
                "loc": {
                    "start": {
                        "line": 13,
                        "column": 75
                    },
                    "end": {
                        "line": 14,
                        "column": 6
                    }
                }
            },
            "1": {
                "name": "(anonymous_13)",
                "decl": {
                    "start": {
                        "line": 16,
                        "column": 8
                    },
                    "end": {
                        "line": 16,
                        "column": 15
                    }
                },
                "loc": {
                    "start": {
                        "line": 16,
                        "column": 26
                    },
                    "end": {
                        "line": 24,
                        "column": null
                    }
                }
            }
        },
        "branchMap": {
            "0": {
                "loc": {
                    "start": {
                        "line": 19,
                        "column": 4
                    },
                    "end": {
                        "line": 21,
                        "column": null
                    }
                },
                "type": "if",
                "locations": [
                    {
                        "start": {
                            "line": 19,
                            "column": 4
                        },
                        "end": {
                            "line": 21,
                            "column": null
                        }
                    }
                ]
            }
        },
        "s": {
            "0": 8,
            "1": 8,
            "2": 8,
            "3": 1,
            "4": 1,
            "5": 1,
            "6": 0,
            "7": 1,
            "8": 8,
            "9": 8
        },
        "f": {
            "0": 1,
            "1": 1
        },
        "b": {
            "0": [
                0
            ]
        }
    },
    "C:\\Users\\mathe\\Desktop\\sisid-api\\src\\controllers\\services\\InstitutionsService.ts": {
        "path": "C:\\Users\\mathe\\Desktop\\sisid-api\\src\\controllers\\services\\InstitutionsService.ts",
        "statementMap": {
            "0": {
                "start": {
                    "line": 1,
                    "column": 0
                },
                "end": {
                    "line": 1,
                    "column": 57
                }
            },
            "1": {
                "start": {
                    "line": 5,
                    "column": 0
                },
                "end": {
                    "line": 5,
                    "column": 41
                }
            },
            "2": {
                "start": {
                    "line": 22,
                    "column": 0
                },
                "end": {
                    "line": 72,
                    "column": null
                }
            },
            "3": {
                "start": {
                    "line": 27,
                    "column": 46
                },
                "end": {
                    "line": 27,
                    "column": 93
                }
            },
            "4": {
                "start": {
                    "line": 34,
                    "column": 26
                },
                "end": {
                    "line": 34,
                    "column": 82
                }
            },
            "5": {
                "start": {
                    "line": 36,
                    "column": 4
                },
                "end": {
                    "line": 36,
                    "column": 25
                }
            },
            "6": {
                "start": {
                    "line": 40,
                    "column": 17
                },
                "end": {
                    "line": 46,
                    "column": 6
                }
            },
            "7": {
                "start": {
                    "line": 48,
                    "column": 4
                },
                "end": {
                    "line": 48,
                    "column": 16
                }
            },
            "8": {
                "start": {
                    "line": 52,
                    "column": 33
                },
                "end": {
                    "line": 52,
                    "column": 82
                }
            },
            "9": {
                "start": {
                    "line": 54,
                    "column": 4
                },
                "end": {
                    "line": 56,
                    "column": null
                }
            },
            "10": {
                "start": {
                    "line": 55,
                    "column": 6
                },
                "end": {
                    "line": 55,
                    "column": 63
                }
            },
            "11": {
                "start": {
                    "line": 58,
                    "column": 25
                },
                "end": {
                    "line": 58,
                    "column": 75
                }
            },
            "12": {
                "start": {
                    "line": 60,
                    "column": 4
                },
                "end": {
                    "line": 60,
                    "column": 24
                }
            },
            "13": {
                "start": {
                    "line": 64,
                    "column": 33
                },
                "end": {
                    "line": 64,
                    "column": 82
                }
            },
            "14": {
                "start": {
                    "line": 66,
                    "column": 4
                },
                "end": {
                    "line": 68,
                    "column": null
                }
            },
            "15": {
                "start": {
                    "line": 67,
                    "column": 6
                },
                "end": {
                    "line": 67,
                    "column": 63
                }
            },
            "16": {
                "start": {
                    "line": 70,
                    "column": 4
                },
                "end": {
                    "line": 70,
                    "column": 49
                }
            },
            "17": {
                "start": {
                    "line": 24,
                    "column": 6
                },
                "end": {
                    "line": 72,
                    "column": null
                }
            },
            "18": {
                "start": {
                    "line": 74,
                    "column": 9
                },
                "end": {
                    "line": 74,
                    "column": 28
                }
            }
        },
        "fnMap": {
            "0": {
                "name": "(anonymous_12)",
                "decl": {
                    "start": {
                        "line": 25,
                        "column": 2
                    },
                    "end": {
                        "line": 25,
                        "column": null
                    }
                },
                "loc": {
                    "start": {
                        "line": 27,
                        "column": 93
                    },
                    "end": {
                        "line": 28,
                        "column": 6
                    }
                }
            },
            "1": {
                "name": "(anonymous_13)",
                "decl": {
                    "start": {
                        "line": 30,
                        "column": 8
                    },
                    "end": {
                        "line": 30,
                        "column": 13
                    }
                },
                "loc": {
                    "start": {
                        "line": 32,
                        "column": 17
                    },
                    "end": {
                        "line": 37,
                        "column": null
                    }
                }
            },
            "2": {
                "name": "(anonymous_15)",
                "decl": {
                    "start": {
                        "line": 39,
                        "column": 8
                    },
                    "end": {
                        "line": 39,
                        "column": 14
                    }
                },
                "loc": {
                    "start": {
                        "line": 39,
                        "column": 37
                    },
                    "end": {
                        "line": 49,
                        "column": null
                    }
                }
            },
            "3": {
                "name": "(anonymous_17)",
                "decl": {
                    "start": {
                        "line": 51,
                        "column": 8
                    },
                    "end": {
                        "line": 51,
                        "column": 14
                    }
                },
                "loc": {
                    "start": {
                        "line": 51,
                        "column": 49
                    },
                    "end": {
                        "line": 61,
                        "column": null
                    }
                }
            },
            "4": {
                "name": "(anonymous_19)",
                "decl": {
                    "start": {
                        "line": 63,
                        "column": 8
                    },
                    "end": {
                        "line": 63,
                        "column": 14
                    }
                },
                "loc": {
                    "start": {
                        "line": 63,
                        "column": 25
                    },
                    "end": {
                        "line": 71,
                        "column": null
                    }
                }
            }
        },
        "branchMap": {
            "0": {
                "loc": {
                    "start": {
                        "line": 54,
                        "column": 4
                    },
                    "end": {
                        "line": 56,
                        "column": null
                    }
                },
                "type": "if",
                "locations": [
                    {
                        "start": {
                            "line": 54,
                            "column": 4
                        },
                        "end": {
                            "line": 56,
                            "column": null
                        }
                    }
                ]
            },
            "1": {
                "loc": {
                    "start": {
                        "line": 66,
                        "column": 4
                    },
                    "end": {
                        "line": 68,
                        "column": null
                    }
                },
                "type": "if",
                "locations": [
                    {
                        "start": {
                            "line": 66,
                            "column": 4
                        },
                        "end": {
                            "line": 68,
                            "column": null
                        }
                    }
                ]
            }
        },
        "s": {
            "0": 8,
            "1": 8,
            "2": 8,
            "3": 1,
            "4": 1,
            "5": 1,
            "6": 0,
            "7": 0,
            "8": 0,
            "9": 0,
            "10": 0,
            "11": 0,
            "12": 0,
            "13": 0,
            "14": 0,
            "15": 0,
            "16": 0,
            "17": 8,
            "18": 8
        },
        "f": {
            "0": 1,
            "1": 1,
            "2": 0,
            "3": 0,
            "4": 0
        },
        "b": {
            "0": [
                0
            ],
            "1": [
                0
            ]
        }
    },
    "C:\\Users\\mathe\\Desktop\\sisid-api\\src\\controllers\\services\\LoginService.ts": {
        "path": "C:\\Users\\mathe\\Desktop\\sisid-api\\src\\controllers\\services\\LoginService.ts",
        "statementMap": {
            "0": {
                "start": {
                    "line": 1,
                    "column": 0
                },
                "end": {
                    "line": 1,
                    "column": 35
                }
            },
            "1": {
                "start": {
                    "line": 2,
                    "column": 0
                },
                "end": {
                    "line": 2,
                    "column": 57
                }
            },
            "2": {
                "start": {
                    "line": 7,
                    "column": 0
                },
                "end": {
                    "line": 7,
                    "column": 34
                }
            },
            "3": {
                "start": {
                    "line": 8,
                    "column": 0
                },
                "end": {
                    "line": 8,
                    "column": 41
                }
            },
            "4": {
                "start": {
                    "line": 9,
                    "column": 0
                },
                "end": {
                    "line": 9,
                    "column": 42
                }
            },
            "5": {
                "start": {
                    "line": 24,
                    "column": 0
                },
                "end": {
                    "line": 110,
                    "column": null
                }
            },
            "6": {
                "start": {
                    "line": 29,
                    "column": 38
                },
                "end": {
                    "line": 29,
                    "column": 69
                }
            },
            "7": {
                "start": {
                    "line": 31,
                    "column": 41
                },
                "end": {
                    "line": 31,
                    "column": 78
                }
            },
            "8": {
                "start": {
                    "line": 35,
                    "column": 15
                },
                "end": {
                    "line": 35,
                    "column": 66
                }
            },
            "9": {
                "start": {
                    "line": 37,
                    "column": 4
                },
                "end": {
                    "line": 39,
                    "column": null
                }
            },
            "10": {
                "start": {
                    "line": 38,
                    "column": 6
                },
                "end": {
                    "line": 38,
                    "column": 63
                }
            },
            "11": {
                "start": {
                    "line": 41,
                    "column": 4
                },
                "end": {
                    "line": 47,
                    "column": null
                }
            },
            "12": {
                "start": {
                    "line": 42,
                    "column": 20
                },
                "end": {
                    "line": 42,
                    "column": 66
                }
            },
            "13": {
                "start": {
                    "line": 44,
                    "column": 6
                },
                "end": {
                    "line": 46,
                    "column": null
                }
            },
            "14": {
                "start": {
                    "line": 45,
                    "column": 8
                },
                "end": {
                    "line": 45,
                    "column": 65
                }
            },
            "15": {
                "start": {
                    "line": 49,
                    "column": 4
                },
                "end": {
                    "line": 64,
                    "column": null
                }
            },
            "16": {
                "start": {
                    "line": 50,
                    "column": 22
                },
                "end": {
                    "line": 51,
                    "column": null
                }
            },
            "17": {
                "start": {
                    "line": 54,
                    "column": 6
                },
                "end": {
                    "line": 63,
                    "column": 9
                }
            },
            "18": {
                "start": {
                    "line": 66,
                    "column": 4
                },
                "end": {
                    "line": 96,
                    "column": null
                }
            },
            "19": {
                "start": {
                    "line": 67,
                    "column": 6
                },
                "end": {
                    "line": 75,
                    "column": null
                }
            },
            "20": {
                "start": {
                    "line": 68,
                    "column": 8
                },
                "end": {
                    "line": 72,
                    "column": 11
                }
            },
            "21": {
                "start": {
                    "line": 74,
                    "column": 8
                },
                "end": {
                    "line": 74,
                    "column": 67
                }
            },
            "22": {
                "start": {
                    "line": 77,
                    "column": 6
                },
                "end": {
                    "line": 82,
                    "column": null
                }
            },
            "23": {
                "start": {
                    "line": 78,
                    "column": 8
                },
                "end": {
                    "line": 81,
                    "column": 10
                }
            },
            "24": {
                "start": {
                    "line": 84,
                    "column": 6
                },
                "end": {
                    "line": 86,
                    "column": null
                }
            },
            "25": {
                "start": {
                    "line": 85,
                    "column": 8
                },
                "end": {
                    "line": 85,
                    "column": 41
                }
            },
            "26": {
                "start": {
                    "line": 88,
                    "column": 32
                },
                "end": {
                    "line": 88,
                    "column": 36
                }
            },
            "27": {
                "start": {
                    "line": 89,
                    "column": 20
                },
                "end": {
                    "line": 89,
                    "column": 57
                }
            },
            "28": {
                "start": {
                    "line": 90,
                    "column": 22
                },
                "end": {
                    "line": 90,
                    "column": 63
                }
            },
            "29": {
                "start": {
                    "line": 91,
                    "column": 6
                },
                "end": {
                    "line": 91,
                    "column": 55
                }
            },
            "30": {
                "start": {
                    "line": 94,
                    "column": 6
                },
                "end": {
                    "line": 94,
                    "column": 24
                }
            },
            "31": {
                "start": {
                    "line": 95,
                    "column": 6
                },
                "end": {
                    "line": 95,
                    "column": 49
                }
            },
            "32": {
                "start": {
                    "line": 98,
                    "column": 4
                },
                "end": {
                    "line": 98,
                    "column": 73
                }
            },
            "33": {
                "start": {
                    "line": 102,
                    "column": 17
                },
                "end": {
                    "line": 102,
                    "column": 64
                }
            },
            "34": {
                "start": {
                    "line": 104,
                    "column": 4
                },
                "end": {
                    "line": 108,
                    "column": null
                }
            },
            "35": {
                "start": {
                    "line": 105,
                    "column": 6
                },
                "end": {
                    "line": 105,
                    "column": 64
                }
            },
            "36": {
                "start": {
                    "line": 107,
                    "column": 6
                },
                "end": {
                    "line": 107,
                    "column": 59
                }
            },
            "37": {
                "start": {
                    "line": 26,
                    "column": 6
                },
                "end": {
                    "line": 110,
                    "column": null
                }
            },
            "38": {
                "start": {
                    "line": 112,
                    "column": 9
                },
                "end": {
                    "line": 112,
                    "column": 21
                }
            }
        },
        "fnMap": {
            "0": {
                "name": "(anonymous_12)",
                "decl": {
                    "start": {
                        "line": 27,
                        "column": 2
                    },
                    "end": {
                        "line": 27,
                        "column": null
                    }
                },
                "loc": {
                    "start": {
                        "line": 31,
                        "column": 78
                    },
                    "end": {
                        "line": 32,
                        "column": 6
                    }
                }
            },
            "1": {
                "name": "(anonymous_13)",
                "decl": {
                    "start": {
                        "line": 34,
                        "column": 8
                    },
                    "end": {
                        "line": 34,
                        "column": 13
                    }
                },
                "loc": {
                    "start": {
                        "line": 34,
                        "column": 28
                    },
                    "end": {
                        "line": 99,
                        "column": null
                    }
                }
            },
            "2": {
                "name": "(anonymous_15)",
                "decl": {
                    "start": {
                        "line": 101,
                        "column": 8
                    },
                    "end": {
                        "line": 101,
                        "column": 14
                    }
                },
                "loc": {
                    "start": {
                        "line": 101,
                        "column": 28
                    },
                    "end": {
                        "line": 109,
                        "column": null
                    }
                }
            }
        },
        "branchMap": {
            "0": {
                "loc": {
                    "start": {
                        "line": 37,
                        "column": 4
                    },
                    "end": {
                        "line": 39,
                        "column": null
                    }
                },
                "type": "if",
                "locations": [
                    {
                        "start": {
                            "line": 37,
                            "column": 4
                        },
                        "end": {
                            "line": 39,
                            "column": null
                        }
                    }
                ]
            },
            "1": {
                "loc": {
                    "start": {
                        "line": 37,
                        "column": 8
                    },
                    "end": {
                        "line": 37,
                        "column": 27
                    }
                },
                "type": "binary-expr",
                "locations": [
                    {
                        "start": {
                            "line": 37,
                            "column": 8
                        },
                        "end": {
                            "line": 37,
                            "column": 18
                        }
                    },
                    {
                        "start": {
                            "line": 37,
                            "column": 22
                        },
                        "end": {
                            "line": 37,
                            "column": 27
                        }
                    }
                ]
            },
            "2": {
                "loc": {
                    "start": {
                        "line": 41,
                        "column": 4
                    },
                    "end": {
                        "line": 47,
                        "column": null
                    }
                },
                "type": "if",
                "locations": [
                    {
                        "start": {
                            "line": 41,
                            "column": 4
                        },
                        "end": {
                            "line": 47,
                            "column": null
                        }
                    }
                ]
            },
            "3": {
                "loc": {
                    "start": {
                        "line": 41,
                        "column": 8
                    },
                    "end": {
                        "line": 41,
                        "column": 26
                    }
                },
                "type": "binary-expr",
                "locations": [
                    {
                        "start": {
                            "line": 41,
                            "column": 8
                        },
                        "end": {
                            "line": 41,
                            "column": 18
                        }
                    },
                    {
                        "start": {
                            "line": 41,
                            "column": 22
                        },
                        "end": {
                            "line": 41,
                            "column": 26
                        }
                    }
                ]
            },
            "4": {
                "loc": {
                    "start": {
                        "line": 42,
                        "column": 34
                    },
                    "end": {
                        "line": 42,
                        "column": 53
                    }
                },
                "type": "binary-expr",
                "locations": [
                    {
                        "start": {
                            "line": 42,
                            "column": 34
                        },
                        "end": {
                            "line": 42,
                            "column": 47
                        }
                    },
                    {
                        "start": {
                            "line": 42,
                            "column": 51
                        },
                        "end": {
                            "line": 42,
                            "column": 53
                        }
                    }
                ]
            },
            "5": {
                "loc": {
                    "start": {
                        "line": 44,
                        "column": 6
                    },
                    "end": {
                        "line": 46,
                        "column": null
                    }
                },
                "type": "if",
                "locations": [
                    {
                        "start": {
                            "line": 44,
                            "column": 6
                        },
                        "end": {
                            "line": 46,
                            "column": null
                        }
                    }
                ]
            },
            "6": {
                "loc": {
                    "start": {
                        "line": 49,
                        "column": 4
                    },
                    "end": {
                        "line": 64,
                        "column": null
                    }
                },
                "type": "if",
                "locations": [
                    {
                        "start": {
                            "line": 49,
                            "column": 4
                        },
                        "end": {
                            "line": 64,
                            "column": null
                        }
                    }
                ]
            },
            "7": {
                "loc": {
                    "start": {
                        "line": 49,
                        "column": 8
                    },
                    "end": {
                        "line": 49,
                        "column": 26
                    }
                },
                "type": "binary-expr",
                "locations": [
                    {
                        "start": {
                            "line": 49,
                            "column": 8
                        },
                        "end": {
                            "line": 49,
                            "column": 13
                        }
                    },
                    {
                        "start": {
                            "line": 49,
                            "column": 17
                        },
                        "end": {
                            "line": 49,
                            "column": 26
                        }
                    }
                ]
            },
            "8": {
                "loc": {
                    "start": {
                        "line": 62,
                        "column": 20
                    },
                    "end": {
                        "line": 62,
                        "column": 44
                    }
                },
                "type": "binary-expr",
                "locations": [
                    {
                        "start": {
                            "line": 62,
                            "column": 20
                        },
                        "end": {
                            "line": 62,
                            "column": 31
                        }
                    },
                    {
                        "start": {
                            "line": 62,
                            "column": 35
                        },
                        "end": {
                            "line": 62,
                            "column": 44
                        }
                    }
                ]
            },
            "9": {
                "loc": {
                    "start": {
                        "line": 62,
                        "column": 20
                    },
                    "end": {
                        "line": 62,
                        "column": 31
                    }
                },
                "type": "cond-expr",
                "locations": [
                    {
                        "start": {
                            "line": 62,
                            "column": 27
                        },
                        "end": {
                            "line": 62,
                            "column": 29
                        }
                    },
                    {
                        "start": {
                            "line": 62,
                            "column": 20
                        },
                        "end": {
                            "line": 62,
                            "column": 31
                        }
                    }
                ]
            },
            "10": {
                "loc": {
                    "start": {
                        "line": 62,
                        "column": 20
                    },
                    "end": {
                        "line": 62,
                        "column": 29
                    }
                },
                "type": "binary-expr",
                "locations": [
                    {
                        "start": {
                            "line": 62,
                            "column": 20
                        },
                        "end": {
                            "line": 62,
                            "column": 29
                        }
                    },
                    {
                        "start": {
                            "line": 62,
                            "column": 20
                        },
                        "end": {
                            "line": 62,
                            "column": 29
                        }
                    }
                ]
            },
            "11": {
                "loc": {
                    "start": {
                        "line": 66,
                        "column": 4
                    },
                    "end": {
                        "line": 96,
                        "column": null
                    }
                },
                "type": "if",
                "locations": [
                    {
                        "start": {
                            "line": 66,
                            "column": 4
                        },
                        "end": {
                            "line": 96,
                            "column": null
                        }
                    }
                ]
            },
            "12": {
                "loc": {
                    "start": {
                        "line": 67,
                        "column": 6
                    },
                    "end": {
                        "line": 75,
                        "column": null
                    }
                },
                "type": "if",
                "locations": [
                    {
                        "start": {
                            "line": 67,
                            "column": 6
                        },
                        "end": {
                            "line": 75,
                            "column": null
                        }
                    }
                ]
            },
            "13": {
                "loc": {
                    "start": {
                        "line": 77,
                        "column": 6
                    },
                    "end": {
                        "line": 82,
                        "column": null
                    }
                },
                "type": "if",
                "locations": [
                    {
                        "start": {
                            "line": 77,
                            "column": 6
                        },
                        "end": {
                            "line": 82,
                            "column": null
                        }
                    }
                ]
            },
            "14": {
                "loc": {
                    "start": {
                        "line": 77,
                        "column": 10
                    },
                    "end": {
                        "line": 77,
                        "column": 26
                    }
                },
                "type": "cond-expr",
                "locations": [
                    {
                        "start": {
                            "line": 77,
                            "column": 14
                        },
                        "end": {
                            "line": 77,
                            "column": 16
                        }
                    },
                    {
                        "start": {
                            "line": 77,
                            "column": 10
                        },
                        "end": {
                            "line": 77,
                            "column": 26
                        }
                    }
                ]
            },
            "15": {
                "loc": {
                    "start": {
                        "line": 77,
                        "column": 10
                    },
                    "end": {
                        "line": 77,
                        "column": 16
                    }
                },
                "type": "binary-expr",
                "locations": [
                    {
                        "start": {
                            "line": 77,
                            "column": 10
                        },
                        "end": {
                            "line": 77,
                            "column": 16
                        }
                    },
                    {
                        "start": {
                            "line": 77,
                            "column": 10
                        },
                        "end": {
                            "line": 77,
                            "column": 16
                        }
                    }
                ]
            },
            "16": {
                "loc": {
                    "start": {
                        "line": 84,
                        "column": 6
                    },
                    "end": {
                        "line": 86,
                        "column": null
                    }
                },
                "type": "if",
                "locations": [
                    {
                        "start": {
                            "line": 84,
                            "column": 6
                        },
                        "end": {
                            "line": 86,
                            "column": null
                        }
                    }
                ]
            },
            "17": {
                "loc": {
                    "start": {
                        "line": 84,
                        "column": 10
                    },
                    "end": {
                        "line": 84,
                        "column": 21
                    }
                },
                "type": "cond-expr",
                "locations": [
                    {
                        "start": {
                            "line": 84,
                            "column": 14
                        },
                        "end": {
                            "line": 84,
                            "column": 16
                        }
                    },
                    {
                        "start": {
                            "line": 84,
                            "column": 10
                        },
                        "end": {
                            "line": 84,
                            "column": 21
                        }
                    }
                ]
            },
            "18": {
                "loc": {
                    "start": {
                        "line": 84,
                        "column": 10
                    },
                    "end": {
                        "line": 84,
                        "column": 16
                    }
                },
                "type": "binary-expr",
                "locations": [
                    {
                        "start": {
                            "line": 84,
                            "column": 10
                        },
                        "end": {
                            "line": 84,
                            "column": 16
                        }
                    },
                    {
                        "start": {
                            "line": 84,
                            "column": 10
                        },
                        "end": {
                            "line": 84,
                            "column": 16
                        }
                    }
                ]
            },
            "19": {
                "loc": {
                    "start": {
                        "line": 104,
                        "column": 4
                    },
                    "end": {
                        "line": 108,
                        "column": null
                    }
                },
                "type": "if",
                "locations": [
                    {
                        "start": {
                            "line": 104,
                            "column": 4
                        },
                        "end": {
                            "line": 108,
                            "column": null
                        }
                    },
                    {
                        "start": {
                            "line": 106,
                            "column": 11
                        },
                        "end": {
                            "line": 108,
                            "column": null
                        }
                    }
                ]
            }
        },
        "s": {
            "0": 8,
            "1": 8,
            "2": 8,
            "3": 8,
            "4": 8,
            "5": 8,
            "6": 4,
            "7": 4,
            "8": 18,
            "9": 18,
            "10": 1,
            "11": 17,
            "12": 16,
            "13": 16,
            "14": 1,
            "15": 16,
            "16": 1,
            "17": 1,
            "18": 16,
            "19": 16,
            "20": 1,
            "21": 1,
            "22": 16,
            "23": 1,
            "24": 15,
            "25": 9,
            "26": 15,
            "27": 15,
            "28": 15,
            "29": 15,
            "30": 15,
            "31": 15,
            "32": 0,
            "33": 2,
            "34": 2,
            "35": 1,
            "36": 1,
            "37": 8,
            "38": 8
        },
        "f": {
            "0": 4,
            "1": 18,
            "2": 2
        },
        "b": {
            "0": [
                1
            ],
            "1": [
                18,
                17
            ],
            "2": [
                16
            ],
            "3": [
                17,
                16
            ],
            "4": [
                16,
                0
            ],
            "5": [
                1
            ],
            "6": [
                1
            ],
            "7": [
                16,
                1
            ],
            "8": [
                1,
                0
            ],
            "9": [
                0,
                1
            ],
            "10": [
                1,
                1
            ],
            "11": [
                16
            ],
            "12": [
                1
            ],
            "13": [
                1
            ],
            "14": [
                0,
                16
            ],
            "15": [
                16,
                16
            ],
            "16": [
                9
            ],
            "17": [
                0,
                15
            ],
            "18": [
                15,
                15
            ],
            "19": [
                1,
                1
            ]
        }
    },
    "C:\\Users\\mathe\\Desktop\\sisid-api\\src\\controllers\\services\\ProfileService.ts": {
        "path": "C:\\Users\\mathe\\Desktop\\sisid-api\\src\\controllers\\services\\ProfileService.ts",
        "statementMap": {
            "0": {
                "start": {
                    "line": 1,
                    "column": 0
                },
                "end": {
                    "line": 1,
                    "column": 57
                }
            },
            "1": {
                "start": {
                    "line": 5,
                    "column": 0
                },
                "end": {
                    "line": 5,
                    "column": 41
                }
            },
            "2": {
                "start": {
                    "line": 13,
                    "column": 0
                },
                "end": {
                    "line": 104,
                    "column": null
                }
            },
            "3": {
                "start": {
                    "line": 18,
                    "column": 41
                },
                "end": {
                    "line": 18,
                    "column": 78
                }
            },
            "4": {
                "start": {
                    "line": 26,
                    "column": 21
                },
                "end": {
                    "line": 26,
                    "column": 55
                }
            },
            "5": {
                "start": {
                    "line": 28,
                    "column": 4
                },
                "end": {
                    "line": 30,
                    "column": null
                }
            },
            "6": {
                "start": {
                    "line": 29,
                    "column": 6
                },
                "end": {
                    "line": 29,
                    "column": 22
                }
            },
            "7": {
                "start": {
                    "line": 32,
                    "column": 4
                },
                "end": {
                    "line": 46,
                    "column": null
                }
            },
            "8": {
                "start": {
                    "line": 33,
                    "column": 6
                },
                "end": {
                    "line": 40,
                    "column": null
                }
            },
            "9": {
                "start": {
                    "line": 34,
                    "column": 8
                },
                "end": {
                    "line": 39,
                    "column": 10
                }
            },
            "10": {
                "start": {
                    "line": 36,
                    "column": 12
                },
                "end": {
                    "line": 38,
                    "column": 48
                }
            },
            "11": {
                "start": {
                    "line": 42,
                    "column": 6
                },
                "end": {
                    "line": 45,
                    "column": 8
                }
            },
            "12": {
                "start": {
                    "line": 44,
                    "column": 10
                },
                "end": {
                    "line": 44,
                    "column": 79
                }
            },
            "13": {
                "start": {
                    "line": 48,
                    "column": 4
                },
                "end": {
                    "line": 48,
                    "column": 75
                }
            },
            "14": {
                "start": {
                    "line": 48,
                    "column": 37
                },
                "end": {
                    "line": 48,
                    "column": 73
                }
            },
            "15": {
                "start": {
                    "line": 52,
                    "column": 20
                },
                "end": {
                    "line": 52,
                    "column": 64
                }
            },
            "16": {
                "start": {
                    "line": 54,
                    "column": 4
                },
                "end": {
                    "line": 56,
                    "column": null
                }
            },
            "17": {
                "start": {
                    "line": 55,
                    "column": 6
                },
                "end": {
                    "line": 55,
                    "column": 58
                }
            },
            "18": {
                "start": {
                    "line": 58,
                    "column": 4
                },
                "end": {
                    "line": 58,
                    "column": 19
                }
            },
            "19": {
                "start": {
                    "line": 62,
                    "column": 28
                },
                "end": {
                    "line": 62,
                    "column": 89
                }
            },
            "20": {
                "start": {
                    "line": 64,
                    "column": 4
                },
                "end": {
                    "line": 73,
                    "column": null
                }
            },
            "21": {
                "start": {
                    "line": 65,
                    "column": 19
                },
                "end": {
                    "line": 69,
                    "column": 8
                }
            },
            "22": {
                "start": {
                    "line": 70,
                    "column": 6
                },
                "end": {
                    "line": 70,
                    "column": 18
                }
            },
            "23": {
                "start": {
                    "line": 72,
                    "column": 6
                },
                "end": {
                    "line": 72,
                    "column": 55
                }
            },
            "24": {
                "start": {
                    "line": 75,
                    "column": 4
                },
                "end": {
                    "line": 75,
                    "column": 25
                }
            },
            "25": {
                "start": {
                    "line": 79,
                    "column": 28
                },
                "end": {
                    "line": 79,
                    "column": 72
                }
            },
            "26": {
                "start": {
                    "line": 81,
                    "column": 4
                },
                "end": {
                    "line": 83,
                    "column": null
                }
            },
            "27": {
                "start": {
                    "line": 82,
                    "column": 6
                },
                "end": {
                    "line": 82,
                    "column": 58
                }
            },
            "28": {
                "start": {
                    "line": 85,
                    "column": 29
                },
                "end": {
                    "line": 85,
                    "column": 90
                }
            },
            "29": {
                "start": {
                    "line": 86,
                    "column": 4
                },
                "end": {
                    "line": 88,
                    "column": null
                }
            },
            "30": {
                "start": {
                    "line": 87,
                    "column": 6
                },
                "end": {
                    "line": 87,
                    "column": 55
                }
            },
            "31": {
                "start": {
                    "line": 90,
                    "column": 20
                },
                "end": {
                    "line": 90,
                    "column": 65
                }
            },
            "32": {
                "start": {
                    "line": 92,
                    "column": 4
                },
                "end": {
                    "line": 92,
                    "column": 19
                }
            },
            "33": {
                "start": {
                    "line": 96,
                    "column": 28
                },
                "end": {
                    "line": 96,
                    "column": 72
                }
            },
            "34": {
                "start": {
                    "line": 98,
                    "column": 4
                },
                "end": {
                    "line": 100,
                    "column": null
                }
            },
            "35": {
                "start": {
                    "line": 99,
                    "column": 6
                },
                "end": {
                    "line": 99,
                    "column": 58
                }
            },
            "36": {
                "start": {
                    "line": 102,
                    "column": 4
                },
                "end": {
                    "line": 102,
                    "column": 44
                }
            },
            "37": {
                "start": {
                    "line": 15,
                    "column": 6
                },
                "end": {
                    "line": 104,
                    "column": null
                }
            },
            "38": {
                "start": {
                    "line": 106,
                    "column": 9
                },
                "end": {
                    "line": 106,
                    "column": 23
                }
            }
        },
        "fnMap": {
            "0": {
                "name": "(anonymous_12)",
                "decl": {
                    "start": {
                        "line": 16,
                        "column": 2
                    },
                    "end": {
                        "line": 16,
                        "column": null
                    }
                },
                "loc": {
                    "start": {
                        "line": 18,
                        "column": 78
                    },
                    "end": {
                        "line": 19,
                        "column": 6
                    }
                }
            },
            "1": {
                "name": "(anonymous_13)",
                "decl": {
                    "start": {
                        "line": 21,
                        "column": 8
                    },
                    "end": {
                        "line": 21,
                        "column": 13
                    }
                },
                "loc": {
                    "start": {
                        "line": 24,
                        "column": 21
                    },
                    "end": {
                        "line": 49,
                        "column": null
                    }
                }
            },
            "2": {
                "name": "(anonymous_15)",
                "decl": {
                    "start": {
                        "line": 35,
                        "column": 10
                    },
                    "end": {
                        "line": 35,
                        "column": 11
                    }
                },
                "loc": {
                    "start": {
                        "line": 36,
                        "column": 12
                    },
                    "end": {
                        "line": 38,
                        "column": 48
                    }
                }
            },
            "3": {
                "name": "(anonymous_16)",
                "decl": {
                    "start": {
                        "line": 43,
                        "column": 8
                    },
                    "end": {
                        "line": 43,
                        "column": 9
                    }
                },
                "loc": {
                    "start": {
                        "line": 44,
                        "column": 10
                    },
                    "end": {
                        "line": 44,
                        "column": 79
                    }
                }
            },
            "4": {
                "name": "(anonymous_17)",
                "decl": {
                    "start": {
                        "line": 48,
                        "column": 27
                    },
                    "end": {
                        "line": 48,
                        "column": 28
                    }
                },
                "loc": {
                    "start": {
                        "line": 48,
                        "column": 37
                    },
                    "end": {
                        "line": 48,
                        "column": 73
                    }
                }
            },
            "5": {
                "name": "(anonymous_18)",
                "decl": {
                    "start": {
                        "line": 51,
                        "column": 8
                    },
                    "end": {
                        "line": 51,
                        "column": 12
                    }
                },
                "loc": {
                    "start": {
                        "line": 51,
                        "column": 23
                    },
                    "end": {
                        "line": 59,
                        "column": null
                    }
                }
            },
            "6": {
                "name": "(anonymous_20)",
                "decl": {
                    "start": {
                        "line": 61,
                        "column": 8
                    },
                    "end": {
                        "line": 61,
                        "column": 14
                    }
                },
                "loc": {
                    "start": {
                        "line": 61,
                        "column": 32
                    },
                    "end": {
                        "line": 76,
                        "column": null
                    }
                }
            },
            "7": {
                "name": "(anonymous_22)",
                "decl": {
                    "start": {
                        "line": 78,
                        "column": 8
                    },
                    "end": {
                        "line": 78,
                        "column": 14
                    }
                },
                "loc": {
                    "start": {
                        "line": 78,
                        "column": 44
                    },
                    "end": {
                        "line": 93,
                        "column": null
                    }
                }
            },
            "8": {
                "name": "(anonymous_24)",
                "decl": {
                    "start": {
                        "line": 95,
                        "column": 8
                    },
                    "end": {
                        "line": 95,
                        "column": 14
                    }
                },
                "loc": {
                    "start": {
                        "line": 95,
                        "column": 25
                    },
                    "end": {
                        "line": 103,
                        "column": null
                    }
                }
            }
        },
        "branchMap": {
            "0": {
                "loc": {
                    "start": {
                        "line": 28,
                        "column": 4
                    },
                    "end": {
                        "line": 30,
                        "column": null
                    }
                },
                "type": "if",
                "locations": [
                    {
                        "start": {
                            "line": 28,
                            "column": 4
                        },
                        "end": {
                            "line": 30,
                            "column": null
                        }
                    }
                ]
            },
            "1": {
                "loc": {
                    "start": {
                        "line": 32,
                        "column": 4
                    },
                    "end": {
                        "line": 46,
                        "column": null
                    }
                },
                "type": "if",
                "locations": [
                    {
                        "start": {
                            "line": 32,
                            "column": 4
                        },
                        "end": {
                            "line": 46,
                            "column": null
                        }
                    }
                ]
            },
            "2": {
                "loc": {
                    "start": {
                        "line": 33,
                        "column": 6
                    },
                    "end": {
                        "line": 40,
                        "column": null
                    }
                },
                "type": "if",
                "locations": [
                    {
                        "start": {
                            "line": 33,
                            "column": 6
                        },
                        "end": {
                            "line": 40,
                            "column": null
                        }
                    }
                ]
            },
            "3": {
                "loc": {
                    "start": {
                        "line": 36,
                        "column": 12
                    },
                    "end": {
                        "line": 38,
                        "column": 48
                    }
                },
                "type": "binary-expr",
                "locations": [
                    {
                        "start": {
                            "line": 36,
                            "column": 12
                        },
                        "end": {
                            "line": 36,
                            "column": 41
                        }
                    },
                    {
                        "start": {
                            "line": 37,
                            "column": 12
                        },
                        "end": {
                            "line": 37,
                            "column": 34
                        }
                    },
                    {
                        "start": {
                            "line": 38,
                            "column": 12
                        },
                        "end": {
                            "line": 38,
                            "column": 48
                        }
                    }
                ]
            },
            "4": {
                "loc": {
                    "start": {
                        "line": 44,
                        "column": 10
                    },
                    "end": {
                        "line": 44,
                        "column": 79
                    }
                },
                "type": "binary-expr",
                "locations": [
                    {
                        "start": {
                            "line": 44,
                            "column": 10
                        },
                        "end": {
                            "line": 44,
                            "column": 39
                        }
                    },
                    {
                        "start": {
                            "line": 44,
                            "column": 43
                        },
                        "end": {
                            "line": 44,
                            "column": 79
                        }
                    }
                ]
            },
            "5": {
                "loc": {
                    "start": {
                        "line": 54,
                        "column": 4
                    },
                    "end": {
                        "line": 56,
                        "column": null
                    }
                },
                "type": "if",
                "locations": [
                    {
                        "start": {
                            "line": 54,
                            "column": 4
                        },
                        "end": {
                            "line": 56,
                            "column": null
                        }
                    }
                ]
            },
            "6": {
                "loc": {
                    "start": {
                        "line": 64,
                        "column": 4
                    },
                    "end": {
                        "line": 73,
                        "column": null
                    }
                },
                "type": "if",
                "locations": [
                    {
                        "start": {
                            "line": 64,
                            "column": 4
                        },
                        "end": {
                            "line": 73,
                            "column": null
                        }
                    },
                    {
                        "start": {
                            "line": 71,
                            "column": 11
                        },
                        "end": {
                            "line": 73,
                            "column": null
                        }
                    }
                ]
            },
            "7": {
                "loc": {
                    "start": {
                        "line": 81,
                        "column": 4
                    },
                    "end": {
                        "line": 83,
                        "column": null
                    }
                },
                "type": "if",
                "locations": [
                    {
                        "start": {
                            "line": 81,
                            "column": 4
                        },
                        "end": {
                            "line": 83,
                            "column": null
                        }
                    }
                ]
            },
            "8": {
                "loc": {
                    "start": {
                        "line": 86,
                        "column": 4
                    },
                    "end": {
                        "line": 88,
                        "column": null
                    }
                },
                "type": "if",
                "locations": [
                    {
                        "start": {
                            "line": 86,
                            "column": 4
                        },
                        "end": {
                            "line": 88,
                            "column": null
                        }
                    }
                ]
            },
            "9": {
                "loc": {
                    "start": {
                        "line": 86,
                        "column": 8
                    },
                    "end": {
                        "line": 86,
                        "column": 55
                    }
                },
                "type": "binary-expr",
                "locations": [
                    {
                        "start": {
                            "line": 86,
                            "column": 8
                        },
                        "end": {
                            "line": 86,
                            "column": 24
                        }
                    },
                    {
                        "start": {
                            "line": 86,
                            "column": 28
                        },
                        "end": {
                            "line": 86,
                            "column": 55
                        }
                    }
                ]
            },
            "10": {
                "loc": {
                    "start": {
                        "line": 86,
                        "column": 28
                    },
                    "end": {
                        "line": 86,
                        "column": 48
                    }
                },
                "type": "cond-expr",
                "locations": [
                    {
                        "start": {
                            "line": 86,
[...]
                    "start": {
                        "line": 79,
                        "column": 8
                    },
                    "end": {
                        "line": 79,
                        "column": 12
                    }
                },
                "loc": {
                    "start": {
                        "line": 79,
                        "column": 24
                    },
                    "end": {
                        "line": 87,
                        "column": null
                    }
                }
            },
            "3": {
                "name": "(anonymous_17)",
                "decl": {
                    "start": {
                        "line": 89,
                        "column": 8
                    },
                    "end": {
                        "line": 89,
                        "column": 18
                    }
                },
                "loc": {
                    "start": {
                        "line": 89,
                        "column": 29
                    },
                    "end": {
                        "line": 98,
                        "column": null
                    }
                }
            },
            "4": {
                "name": "(anonymous_19)",
                "decl": {
                    "start": {
                        "line": 100,
                        "column": 8
                    },
                    "end": {
                        "line": 100,
                        "column": 14
                    }
                },
                "loc": {
                    "start": {
                        "line": 100,
                        "column": 35
                    },
                    "end": {
                        "line": 113,
                        "column": null
                    }
                }
            },
            "5": {
                "name": "(anonymous_21)",
                "decl": {
                    "start": {
                        "line": 115,
                        "column": 8
                    },
                    "end": {
                        "line": 115,
                        "column": 14
                    }
                },
                "loc": {
                    "start": {
                        "line": 115,
                        "column": 47
                    },
                    "end": {
                        "line": 136,
                        "column": null
                    }
                }
            },
            "6": {
                "name": "(anonymous_23)",
                "decl": {
                    "start": {
                        "line": 138,
                        "column": 8
                    },
                    "end": {
                        "line": 138,
                        "column": 14
                    }
                },
                "loc": {
                    "start": {
                        "line": 138,
                        "column": 25
                    },
                    "end": {
                        "line": 146,
                        "column": null
                    }
                }
            }
        },
        "branchMap": {
            "0": {
                "loc": {
                    "start": {
                        "line": 82,
                        "column": 4
                    },
                    "end": {
                        "line": 84,
                        "column": null
                    }
                },
                "type": "if",
                "locations": [
                    {
                        "start": {
                            "line": 82,
                            "column": 4
                        },
                        "end": {
                            "line": 84,
                            "column": null
                        }
                    }
                ]
            },
            "1": {
                "loc": {
                    "start": {
                        "line": 93,
                        "column": 4
                    },
                    "end": {
                        "line": 95,
                        "column": null
                    }
                },
                "type": "if",
                "locations": [
                    {
                        "start": {
                            "line": 93,
                            "column": 4
                        },
                        "end": {
                            "line": 95,
                            "column": null
                        }
                    }
                ]
            },
            "2": {
                "loc": {
                    "start": {
                        "line": 109,
                        "column": 22
                    },
                    "end": {
                        "line": 109,
                        "column": 55
                    }
                },
                "type": "binary-expr",
                "locations": [
                    {
                        "start": {
                            "line": 109,
                            "column": 22
                        },
                        "end": {
                            "line": 109,
                            "column": 42
                        }
                    },
                    {
                        "start": {
                            "line": 109,
                            "column": 46
                        },
                        "end": {
                            "line": 109,
                            "column": 55
                        }
                    }
                ]
            },
            "3": {
                "loc": {
                    "start": {
                        "line": 109,
                        "column": 22
                    },
                    "end": {
                        "line": 109,
                        "column": 42
                    }
                },
                "type": "cond-expr",
                "locations": [
                    {
                        "start": {
                            "line": 109,
                            "column": 26
                        },
                        "end": {
                            "line": 109,
                            "column": 28
                        }
                    },
                    {
                        "start": {
                            "line": 109,
                            "column": 22
                        },
                        "end": {
                            "line": 109,
                            "column": 42
                        }
                    }
                ]
            },
            "4": {
                "loc": {
                    "start": {
                        "line": 109,
                        "column": 22
                    },
                    "end": {
                        "line": 109,
                        "column": 28
                    }
                },
                "type": "binary-expr",
                "locations": [
                    {
                        "start": {
                            "line": 109,
                            "column": 22
                        },
                        "end": {
                            "line": 109,
                            "column": 28
                        }
                    },
                    {
                        "start": {
                            "line": 109,
                            "column": 22
                        },
                        "end": {
                            "line": 109,
                            "column": 28
                        }
                    }
                ]
            },
            "5": {
                "loc": {
                    "start": {
                        "line": 118,
                        "column": 4
                    },
                    "end": {
                        "line": 120,
                        "column": null
                    }
                },
                "type": "if",
                "locations": [
                    {
                        "start": {
                            "line": 118,
                            "column": 4
                        },
                        "end": {
                            "line": 120,
                            "column": null
                        }
                    }
                ]
            },
            "6": {
                "loc": {
                    "start": {
                        "line": 125,
                        "column": 22
                    },
                    "end": {
                        "line": 129,
                        "column": 37
                    }
                },
                "type": "cond-expr",
                "locations": [
                    {
                        "start": {
                            "line": 126,
                            "column": 10
                        },
                        "end": {
                            "line": 128,
                            "column": 32
                        }
                    },
                    {
                        "start": {
                            "line": 129,
                            "column": 10
                        },
                        "end": {
                            "line": 129,
                            "column": 37
                        }
                    }
                ]
            },
            "7": {
                "loc": {
                    "start": {
                        "line": 125,
                        "column": 22
                    },
                    "end": {
                        "line": 125,
                        "column": 42
                    }
                },
                "type": "cond-expr",
                "locations": [
                    {
                        "start": {
                            "line": 125,
                            "column": 26
                        },
                        "end": {
                            "line": 125,
                            "column": 28
                        }
                    },
                    {
                        "start": {
                            "line": 125,
                            "column": 22
                        },
                        "end": {
                            "line": 125,
                            "column": 42
                        }
                    }
                ]
            },
            "8": {
                "loc": {
                    "start": {
                        "line": 125,
                        "column": 22
                    },
                    "end": {
                        "line": 125,
                        "column": 28
                    }
                },
                "type": "binary-expr",
                "locations": [
                    {
                        "start": {
                            "line": 125,
                            "column": 22
                        },
                        "end": {
                            "line": 125,
                            "column": 28
                        }
                    },
                    {
                        "start": {
                            "line": 125,
                            "column": 22
                        },
                        "end": {
                            "line": 125,
                            "column": 28
                        }
                    }
                ]
            },
            "9": {
                "loc": {
                    "start": {
                        "line": 126,
                        "column": 10
                    },
                    "end": {
                        "line": 128,
                        "column": 32
                    }
                },
                "type": "cond-expr",
                "locations": [
                    {
                        "start": {
                            "line": 127,
                            "column": 12
                        },
                        "end": {
                            "line": 127,
                            "column": 21
                        }
                    },
                    {
                        "start": {
                            "line": 128,
                            "column": 12
                        },
                        "end": {
                            "line": 128,
                            "column": 32
                        }
                    }
                ]
            },
            "10": {
                "loc": {
                    "start": {
                        "line": 126,
                        "column": 10
                    },
                    "end": {
                        "line": 126,
                        "column": 30
                    }
                },
                "type": "cond-expr",
                "locations": [
                    {
                        "start": {
                            "line": 126,
                            "column": 14
                        },
                        "end": {
                            "line": 126,
                            "column": 16
                        }
                    },
                    {
                        "start": {
                            "line": 126,
                            "column": 10
                        },
                        "end": {
                            "line": 126,
                            "column": 30
                        }
                    }
                ]
            },
            "11": {
                "loc": {
                    "start": {
                        "line": 126,
                        "column": 10
                    },
                    "end": {
                        "line": 126,
                        "column": 16
                    }
                },
                "type": "binary-expr",
                "locations": [
                    {
                        "start": {
                            "line": 126,
                            "column": 10
                        },
                        "end": {
                            "line": 126,
                            "column": 16
                        }
                    },
                    {
                        "start": {
                            "line": 126,
                            "column": 10
                        },
                        "end": {
                            "line": 126,
                            "column": 16
                        }
                    }
                ]
            },
            "12": {
                "loc": {
                    "start": {
                        "line": 128,
                        "column": 12
                    },
                    "end": {
                        "line": 128,
                        "column": 32
                    }
                },
                "type": "cond-expr",
                "locations": [
                    {
                        "start": {
                            "line": 128,
                            "column": 16
                        },
                        "end": {
                            "line": 128,
                            "column": 18
                        }
                    },
                    {
                        "start": {
                            "line": 128,
                            "column": 12
                        },
                        "end": {
                            "line": 128,
                            "column": 32
                        }
                    }
                ]
            },
            "13": {
                "loc": {
                    "start": {
                        "line": 128,
                        "column": 12
                    },
                    "end": {
                        "line": 128,
                        "column": 18
                    }
                },
                "type": "binary-expr",
                "locations": [
                    {
                        "start": {
                            "line": 128,
                            "column": 12
                        },
                        "end": {
                            "line": 128,
                            "column": 18
                        }
                    },
                    {
                        "start": {
                            "line": 128,
                            "column": 12
                        },
                        "end": {
                            "line": 128,
                            "column": 18
                        }
                    }
                ]
            },
            "14": {
                "loc": {
                    "start": {
                        "line": 141,
                        "column": 4
                    },
                    "end": {
                        "line": 143,
                        "column": null
                    }
                },
                "type": "if",
                "locations": [
                    {
                        "start": {
                            "line": 141,
                            "column": 4
                        },
                        "end": {
                            "line": 143,
                            "column": null
                        }
                    }
                ]
            }
        },
        "s": {
            "0": 8,
            "1": 8,
            "2": 8,
            "3": 8,
            "4": 8,
            "5": 1,
            "6": 1,
            "7": 1,
            "8": 0,
            "9": 0,
            "10": 0,
            "11": 0,
            "12": 2,
            "13": 2,
            "14": 2,
            "15": 1,
            "16": 1,
            "17": 0,
            "18": 0,
            "19": 2,
            "20": 2,
            "21": 1,
            "22": 1,
            "23": 1,
            "24": 1,
            "25": 1,
            "26": 2,
            "27": 2,
            "28": 1,
            "29": 1,
            "30": 8,
            "31": 8
        },
        "f": {
            "0": 1,
            "1": 1,
            "2": 0,
            "3": 2,
            "4": 0,
            "5": 2,
            "6": 2
        },
        "b": {
            "0": [
                0
            ],
            "1": [
                1
            ],
            "2": [
                0,
                0
            ],
            "3": [
                0,
                0
            ],
            "4": [
                0,
                0
            ],
            "5": [
                1
            ],
            "6": [
                0,
                1
            ],
            "7": [
                0,
                1
            ],
            "8": [
                1,
                1
            ],
            "9": [
                0,
                0
            ],
            "10": [
                0,
                0
            ],
            "11": [
                0,
                0
            ],
            "12": [
                0,
                0
            ],
            "13": [
                0,
                0
            ],
            "14": [
                1
            ]
        }
    }
}