TN:
SF:src\controllers\services\DetailsService.ts
FN:11,(anonymous_12)
FN:16,(anonymous_13)
FNF:2
FNH:2
FNDA:1,(anonymous_12)
FNDA:1,(anonymous_13)
DA:1,8
DA:4,8
DA:8,8
DA:10,8
DA:13,1
DA:17,1
DA:19,1
DA:20,0
DA:23,1
DA:27,8
LF:10
LH:9
BRDA:19,0,0,0
BRF:1
BRH:0
end_of_record
TN:
SF:src\controllers\services\ImagesService.ts
FN:11,(anonymous_12)
FN:16,(anonymous_13)
FNF:2
FNH:2
FNDA:1,(anonymous_12)
FNDA:1,(anonymous_13)
DA:1,8
DA:4,8
DA:8,8
DA:10,8
DA:13,1
DA:17,1
DA:19,1
DA:20,0
DA:23,1
DA:27,8
LF:10
LH:9
BRDA:19,0,0,0
BRF:1
BRH:0
end_of_record
TN:
SF:src\controllers\services\InstitutionsService.ts
FN:25,(anonymous_12)
FN:30,(anonymous_13)
FN:39,(anonymous_15)
FN:51,(anonymous_17)
FN:63,(anonymous_19)
FNF:5
FNH:2
FNDA:1,(anonymous_12)
FNDA:1,(anonymous_13)
FNDA:0,(anonymous_15)
FNDA:0,(anonymous_17)
FNDA:0,(anonymous_19)
DA:1,8
DA:5,8
DA:22,8
DA:24,8
DA:27,1
DA:34,1
DA:36,1
DA:40,0
DA:48,0
DA:52,0
DA:54,0
DA:55,0
DA:58,0
DA:60,0
DA:64,0
DA:66,0
DA:67,0
DA:70,0
DA:74,8
LF:19
LH:8
BRDA:54,0,0,0
BRDA:66,1,0,0
BRF:2
BRH:0
end_of_record
TN:
SF:src\controllers\services\LoginService.ts
FN:27,(anonymous_12)
FN:34,(anonymous_13)
FN:101,(anonymous_15)
FNF:3
FNH:3
FNDA:4,(anonymous_12)
FNDA:18,(anonymous_13)
FNDA:2,(anonymous_15)
DA:1,8
DA:2,8
DA:7,8
DA:8,8
DA:9,8
DA:24,8
DA:26,8
DA:29,4
DA:31,4
DA:35,18
DA:37,18
DA:38,1
DA:41,17
DA:42,16
DA:44,16
DA:45,1
DA:49,16
DA:50,1
DA:54,1
DA:66,16
DA:67,16
DA:68,1
DA:74,1
DA:77,16
DA:78,1
DA:84,15
DA:85,9
DA:88,15
DA:89,15
DA:90,15
DA:91,15
DA:94,15
DA:95,15
DA:98,0
DA:102,2
DA:104,2
DA:105,1
DA:107,1
DA:112,8
LF:39
LH:38
BRDA:37,0,0,1
BRDA:37,1,0,18
BRDA:37,1,1,17
BRDA:41,2,0,16
BRDA:41,3,0,17
BRDA:41,3,1,16
BRDA:42,4,0,16
BRDA:42,4,1,0
BRDA:44,5,0,1
BRDA:49,6,0,1
BRDA:49,7,0,16
BRDA:49,7,1,1
BRDA:62,8,0,1
BRDA:62,8,1,0
BRDA:62,9,0,0
BRDA:62,9,1,1
BRDA:62,10,0,1
BRDA:62,10,1,1
BRDA:66,11,0,16
BRDA:67,12,0,1
BRDA:77,13,0,1
BRDA:77,14,0,0
BRDA:77,14,1,16
BRDA:77,15,0,16
BRDA:77,15,1,16
BRDA:84,16,0,9
BRDA:84,17,0,0
BRDA:84,17,1,15
BRDA:84,18,0,15
BRDA:84,18,1,15
BRDA:104,19,0,1
BRDA:104,19,1,1
BRF:32
BRH:27
end_of_record
TN:
SF:src\controllers\services\ProfileService.ts
FN:16,(anonymous_12)
FN:21,(anonymous_13)
FN:35,(anonymous_15)
FN:43,(anonymous_16)
FN:48,(anonymous_17)
FN:51,(anonymous_18)
FN:61,(anonymous_20)
FN:78,(anonymous_22)
FN:95,(anonymous_24)
FNF:9
FNH:5
FNDA:1,(anonymous_12)
FNDA:2,(anonymous_13)
FNDA:1,(anonymous_15)
FNDA:0,(anonymous_16)
FNDA:1,(anonymous_17)
FNDA:0,(anonymous_18)
FNDA:1,(anonymous_20)
FNDA:0,(anonymous_22)
FNDA:0,(anonymous_24)
DA:1,8
DA:5,8
DA:13,8
DA:15,8
DA:18,1
DA:26,2
DA:28,2
DA:29,0
DA:32,2
DA:33,1
DA:34,1
DA:36,1
DA:42,0
DA:44,0
DA:48,1
DA:52,0
DA:54,0
DA:55,0
DA:58,0
DA:62,1
DA:64,1
DA:65,0
DA:70,0
DA:72,1
DA:75,0
DA:79,0
DA:81,0
DA:82,0
DA:85,0
DA:86,0
DA:87,0
DA:90,0
DA:92,0
DA:96,0
DA:98,0
DA:99,0
DA:102,0
DA:106,8
LF:38
LH:16
BRDA:28,0,0,0
BRDA:32,1,0,1
BRDA:33,2,0,1
BRDA:36,3,0,1
BRDA:36,3,1,0
BRDA:36,3,2,0
BRDA:44,4,0,0
BRDA:44,4,1,0
BRDA:54,5,0,0
BRDA:64,6,0,0
BRDA:64,6,1,1
BRDA:81,7,0,0
BRDA:86,8,0,0
BRDA:86,9,0,0
BRDA:86,9,1,0
BRDA:86,10,0,0
BRDA:86,10,1,0
BRDA:86,11,0,0
BRDA:86,11,1,0
BRDA:98,12,0,0
BRF:20
BRH:4
end_of_record
TN:
SF:src\controllers\services\SearchService.ts
FN:11,(anonymous_12)
FN:16,(anonymous_13)
FNF:2
FNH:2
FNDA:1,(anonymous_12)
FNDA:1,(anonymous_13)
DA:1,8
DA:4,8
DA:8,8
DA:10,8
DA:13,1
DA:18,1
DA:20,1
DA:21,0
DA:24,1
DA:28,8
LF:10
LH:9
BRDA:20,0,0,0
BRF:1
BRH:0
end_of_record
TN:
SF:src\controllers\services\SolicitationService.ts
FN:42,(anonymous_12)
FN:50,(anonymous_13)
FN:68,(anonymous_15)
FN:86,(anonymous_17)
FN:98,(anonymous_19)
FNF:5
FNH:4
FNDA:1,(anonymous_12)
FNDA:1,(anonymous_13)
FNDA:1,(anonymous_15)
FNDA:0,(anonymous_17)
FNDA:1,(anonymous_19)
DA:1,8
DA:6,8
DA:7,8
DA:39,8
DA:41,8
DA:45,1
DA:47,1
DA:57,1
DA:65,1
DA:75,1
DA:83,1
DA:87,0
DA:93,0
DA:95,0
DA:102,1
DA:106,1
DA:107,0
DA:110,1
DA:111,0
DA:114,1
DA:122,1
DA:123,1
DA:126,1
DA:127,1
DA:141,1
DA:143,1
DA:147,8
LF:27
LH:22
BRDA:106,0,0,0
BRDA:110,1,0,0
BRDA:117,2,0,1
BRDA:117,2,1,0
BRDA:117,3,0,1
BRDA:117,3,1,0
BRDA:122,4,0,1
BRDA:126,5,0,1
BRDA:127,6,0,0
BRDA:127,6,1,1
BRDA:127,7,0,1
BRDA:127,7,1,1
BRF:12
BRH:7
end_of_record
TN:
SF:src\controllers\services\UserService.ts
FN:48,(anonymous_12)
FN:53,(anonymous_13)
FN:79,(anonymous_15)
FN:89,(anonymous_17)
FN:100,(anonymous_19)
FN:115,(anonymous_21)
FN:138,(anonymous_23)
FNF:7
FNH:5
FNDA:1,(anonymous_12)
FNDA:1,(anonymous_13)
FNDA:0,(anonymous_15)
FNDA:2,(anonymous_17)
FNDA:0,(anonymous_19)
FNDA:2,(anonymous_21)
FNDA:2,(anonymous_23)
DA:1,8
DA:5,8
DA:6,8
DA:7,8
DA:45,8
DA:47,8
DA:50,1
DA:64,1
DA:76,1
DA:80,0
DA:82,0
DA:83,0
DA:86,0
DA:90,2
DA:91,2
DA:93,2
DA:94,1
DA:97,1
DA:101,0
DA:112,0
DA:116,2
DA:118,2
DA:119,1
DA:122,1
DA:132,1
DA:133,1
DA:135,1
DA:139,2
DA:141,2
DA:142,1
DA:145,1
DA:149,8
LF:32
LH:26
BRDA:82,0,0,0
BRDA:93,1,0,1
BRDA:109,2,0,0
BRDA:109,2,1,0
BRDA:109,3,0,0
BRDA:109,3,1,0
BRDA:109,4,0,0
BRDA:109,4,1,0
BRDA:118,5,0,1
BRDA:125,6,0,0
BRDA:125,6,1,1
BRDA:125,7,0,0
BRDA:125,7,1,1
BRDA:125,8,0,1
BRDA:125,8,1,1
BRDA:126,9,0,0
BRDA:126,9,1,0
BRDA:126,10,0,0
BRDA:126,10,1,0
BRDA:126,11,0,0
BRDA:126,11,1,0
BRDA:128,12,0,0
BRDA:128,12,1,0
BRDA:128,13,0,0
BRDA:128,13,1,0
BRDA:141,14,0,1
BRF:26
BRH:7
end_of_record

